<?xml version="1.0" encoding="UTF-8"?>
<!-- Generated by org.testng.reporters.JUnitReportReporter -->
<testsuite hostname="LAPTOP-P7INNGLR" failures="0" tests="2" name="com.comcast.crm.contacttest.CreateContactTest" time="36.410" errors="0" timestamp="2024-09-23T14:52:41 IST" skipped="0">
  <testcase classname="com.comcast.crm.contacttest.CreateContactTest" name="CreateContactwithorgtest" time="23.521"/>
  <system-out/>
  <testcase classname="com.comcast.crm.contacttest.CreateContactTest" name="CreateContactwithsupportdatetest" time="12.889"/>
  <system-out/>
</testsuite> <!-- com.comcast.crm.contacttest.CreateContactTest -->
