<?xml version="1.0" encoding="UTF-8"?>
<!-- Generated by org.testng.reporters.JUnitReportReporter -->
<testsuite hostname="Ashok" failures="0" tests="1" name="other.pratice.programs.ReportsImp" time="4.257" errors="0" timestamp="2024-09-30T17:43:03 IST" skipped="0">
  <testcase classname="other.pratice.programs.ReportsImp" name="test" time="4.257"/>
</testsuite> <!-- other.pratice.programs.ReportsImp -->
