<?xml version="1.0" encoding="UTF-8"?>
<!-- Generated by org.testng.reporters.JUnitReportReporter -->
<testsuite hostname="Ashok" failures="0" tests="1" name="com.comcast.crm.orgtest.CreateOraganizationTest" time="9.494" errors="0" timestamp="2024-09-19T10:57:21 IST" skipped="0">
  <testcase classname="com.comcast.crm.orgtest.CreateOraganizationTest" name="createOrgTest" time="9.494"/>
</testsuite> <!-- com.comcast.crm.orgtest.CreateOraganizationTest -->
