<?xml version="1.0" encoding="UTF-8"?>
<!-- Generated by org.testng.reporters.JUnitReportReporter -->
<testsuite hostname="Ashok" failures="0" tests="1" name="com.comcast.crm.orgtest.DeleteOrgName" time="17.957" errors="0" timestamp="2024-09-19T10:57:21 IST" skipped="0">
  <testcase classname="com.comcast.crm.orgtest.DeleteOrgName" name="deleteOrgTest" time="17.957"/>
</testsuite> <!-- com.comcast.crm.orgtest.DeleteOrgName -->
