<?xml version="1.0" encoding="UTF-8"?>
<!-- Generated by org.testng.reporters.JUnitReportReporter -->
<testsuite hostname="Ashok" failures="0" tests="1" name="com.comcast.crm.contacttest.CreateContactWithOrganizationTest" time="14.591" errors="0" timestamp="2024-09-19T10:57:21 IST" skipped="0">
  <testcase classname="com.comcast.crm.contacttest.CreateContactWithOrganizationTest" name="createContactWithOrgTest" time="14.591"/>
</testsuite> <!-- com.comcast.crm.contacttest.CreateContactWithOrganizationTest -->
